0 info it worked if it ends with ok
1 verbose cli [ 'D:\\software\\nodejs\\node.exe',
1 verbose cli   'D:\\software\\nodejs\\node_modules\\npm\\bin\\npm-cli.js',
1 verbose cli   'start' ]
2 info using npm@3.10.3
3 info using node@v6.4.0
4 verbose run-script [ 'prestart', 'start', 'poststart' ]
5 info lifecycle juyou@1.0.0~prestart: juyou@1.0.0
6 silly lifecycle juyou@1.0.0~prestart: no script for prestart, continuing
7 info lifecycle juyou@1.0.0~start: juyou@1.0.0
8 verbose lifecycle juyou@1.0.0~start: unsafe-perm in lifecycle true
9 verbose lifecycle juyou@1.0.0~start: PATH: D:\software\nodejs\node_modules\npm\bin\node-gyp-bin;D:\work_space\juyou\node_modules\.bin;D:\software\nodejs;D:\mysql\mysql-5.7.13-winx64\bin;D:\apache-tomcat-9.0.0.M9\bin;C:\Program Files\Java\jdk1.8.0_102\bin;C:\Program Files\Java\jdk1.8.0_102\jre\bin;C:\ProgramData\Oracle\Java\javapath;C:\windows\system32;C:\windows;C:\windows\System32\Wbem;C:\windows\System32\WindowsPowerShell\v1.0\;C:\Program Files\Intel\Intel(R) Management Engine Components\DAL;C:\Program Files\Intel\Intel(R) Management Engine Components\IPT;C:\Program Files (x86)\Intel\Intel(R) Management Engine Components\DAL;C:\Program Files (x86)\Intel\Intel(R) Management Engine Components\IPT;D:\software\nodejs\;D:\software\Subversion\bin;D:\software\TortoiseSVN\bin;;D:\软件\Microsoft VS Code\bin;C:\Users\Administrator\AppData\Roaming\npm
10 verbose lifecycle juyou@1.0.0~start: CWD: D:\work_space\juyou
11 silly lifecycle juyou@1.0.0~start: Args: [ '/d /s /c', 'webpack-dev-server --hot --inline' ]
12 silly lifecycle juyou@1.0.0~start: Returned: code: 3  signal: null
13 info lifecycle juyou@1.0.0~start: Failed to exec start script
14 verbose stack Error: juyou@1.0.0 start: `webpack-dev-server --hot --inline`
14 verbose stack Exit status 3
14 verbose stack     at EventEmitter.<anonymous> (D:\software\nodejs\node_modules\npm\lib\utils\lifecycle.js:242:16)
14 verbose stack     at emitTwo (events.js:106:13)
14 verbose stack     at EventEmitter.emit (events.js:191:7)
14 verbose stack     at ChildProcess.<anonymous> (D:\software\nodejs\node_modules\npm\lib\utils\spawn.js:40:14)
14 verbose stack     at emitTwo (events.js:106:13)
14 verbose stack     at ChildProcess.emit (events.js:191:7)
14 verbose stack     at maybeClose (internal/child_process.js:852:16)
14 verbose stack     at Process.ChildProcess._handle.onexit (internal/child_process.js:215:5)
15 verbose pkgid juyou@1.0.0
16 verbose cwd D:\work_space\juyou
17 error Windows_NT 6.1.7601
18 error argv "D:\\software\\nodejs\\node.exe" "D:\\software\\nodejs\\node_modules\\npm\\bin\\npm-cli.js" "start"
19 error node v6.4.0
20 error npm  v3.10.3
21 error code ELIFECYCLE
22 error juyou@1.0.0 start: `webpack-dev-server --hot --inline`
22 error Exit status 3
23 error Failed at the juyou@1.0.0 start script 'webpack-dev-server --hot --inline'.
23 error Make sure you have the latest version of node.js and npm installed.
23 error If you do, this is most likely a problem with the juyou package,
23 error not with npm itself.
23 error Tell the author that this fails on your system:
23 error     webpack-dev-server --hot --inline
23 error You can get information on how to open an issue for this project with:
23 error     npm bugs juyou
23 error Or if that isn't available, you can get their info via:
23 error     npm owner ls juyou
23 error There is likely additional logging output above.
24 verbose exit [ 1, true ]
